<?xml version="1.0" encoding="UTF-8"?>
<!-- Generated by org.testng.reporters.JUnitReportReporter -->
<testsuite hostname="LAPTOP-9L45G11A" failures="0" tests="1" name="com.cjc.JPetStoreTest" time="25.779" errors="0" timestamp="2024-09-25T13:00:34 IST" skipped="0">
  <testcase classname="com.cjc.JPetStoreTest" name="accform" time="25.779"/>
  <system-out/>
</testsuite> <!-- com.cjc.JPetStoreTest -->
